[2025-03-09 16:04:18Z INFO HostContext] No proxy settings were found based on environmental variables (http_proxy/https_proxy/HTTP_PROXY/HTTPS_PROXY)
[2025-03-09 16:04:18Z INFO HostContext] Well known directory 'Bin': 'C:\Users\diego\OneDrive\Desktop\NAMESPACE1\descarga_hostinger\web1\actions-runner\bin'
[2025-03-09 16:04:18Z INFO HostContext] Well known directory 'Root': 'C:\Users\diego\OneDrive\Desktop\NAMESPACE1\descarga_hostinger\web1\actions-runner'
[2025-03-09 16:04:18Z INFO HostContext] Well known config file 'Credentials': 'C:\Users\diego\OneDrive\Desktop\NAMESPACE1\descarga_hostinger\web1\actions-runner\.credentials'
[2025-03-09 16:04:23Z INFO HostContext] Well known directory 'Bin': 'C:\Users\diego\OneDrive\Desktop\NAMESPACE1\descarga_hostinger\web1\actions-runner\bin'
[2025-03-09 16:04:23Z INFO HostContext] Well known directory 'Root': 'C:\Users\diego\OneDrive\Desktop\NAMESPACE1\descarga_hostinger\web1\actions-runner'
[2025-03-09 16:04:23Z INFO HostContext] Well known config file 'Runner': 'C:\Users\diego\OneDrive\Desktop\NAMESPACE1\descarga_hostinger\web1\actions-runner\.runner'
[2025-03-09 16:04:23Z INFO Listener] Runner is built for Windows (X64) - win-x64.
[2025-03-09 16:04:23Z INFO Listener] RuntimeInformation: Microsoft Windows 10.0.22631.
[2025-03-09 16:04:23Z INFO Listener] Version: 2.322.0
[2025-03-09 16:04:23Z INFO Listener] Commit: 0edc478ca75d0a753dcbcec7405f3f26db67b1ac
[2025-03-09 16:04:23Z INFO Listener] Culture: es-ES
[2025-03-09 16:04:23Z INFO Listener] UI Culture: es-ES
[2025-03-09 16:04:23Z INFO HostContext] Well known directory 'Bin': 'C:\Users\diego\OneDrive\Desktop\NAMESPACE1\descarga_hostinger\web1\actions-runner\bin'
[2025-03-09 16:04:23Z INFO HostContext] Well known directory 'Root': 'C:\Users\diego\OneDrive\Desktop\NAMESPACE1\descarga_hostinger\web1\actions-runner'
[2025-03-09 16:04:23Z INFO Listener] Validating directory permissions for: 'C:\Users\diego\OneDrive\Desktop\NAMESPACE1\descarga_hostinger\web1\actions-runner'
[2025-03-09 16:04:23Z INFO CommandLineParser] Parse
[2025-03-09 16:04:23Z INFO CommandLineParser] Parsing 1 args
[2025-03-09 16:04:23Z INFO CommandLineParser] parsing argument
[2025-03-09 16:04:23Z INFO CommandLineParser] HasArgs: False
[2025-03-09 16:04:23Z INFO CommandLineParser] Adding Command: configure
[2025-03-09 16:04:23Z INFO Listener] Arguments parsed
[2025-03-09 16:04:24Z INFO Runner] ExecuteCommand
[2025-03-09 16:04:24Z INFO ConfigurationStore] currentAssemblyLocation: C:\Users\diego\OneDrive\Desktop\NAMESPACE1\descarga_hostinger\web1\actions-runner\bin\Runner.Listener.dll
[2025-03-09 16:04:24Z INFO HostContext] Well known directory 'Bin': 'C:\Users\diego\OneDrive\Desktop\NAMESPACE1\descarga_hostinger\web1\actions-runner\bin'
[2025-03-09 16:04:24Z INFO ConfigurationStore] binPath: C:\Users\diego\OneDrive\Desktop\NAMESPACE1\descarga_hostinger\web1\actions-runner\bin
[2025-03-09 16:04:24Z INFO HostContext] Well known directory 'Bin': 'C:\Users\diego\OneDrive\Desktop\NAMESPACE1\descarga_hostinger\web1\actions-runner\bin'
[2025-03-09 16:04:24Z INFO HostContext] Well known directory 'Root': 'C:\Users\diego\OneDrive\Desktop\NAMESPACE1\descarga_hostinger\web1\actions-runner'
[2025-03-09 16:04:24Z INFO ConfigurationStore] RootFolder: C:\Users\diego\OneDrive\Desktop\NAMESPACE1\descarga_hostinger\web1\actions-runner
[2025-03-09 16:04:24Z INFO HostContext] Well known directory 'Bin': 'C:\Users\diego\OneDrive\Desktop\NAMESPACE1\descarga_hostinger\web1\actions-runner\bin'
[2025-03-09 16:04:24Z INFO HostContext] Well known directory 'Root': 'C:\Users\diego\OneDrive\Desktop\NAMESPACE1\descarga_hostinger\web1\actions-runner'
[2025-03-09 16:04:24Z INFO HostContext] Well known config file 'Runner': 'C:\Users\diego\OneDrive\Desktop\NAMESPACE1\descarga_hostinger\web1\actions-runner\.runner'
[2025-03-09 16:04:24Z INFO ConfigurationStore] ConfigFilePath: C:\Users\diego\OneDrive\Desktop\NAMESPACE1\descarga_hostinger\web1\actions-runner\.runner
[2025-03-09 16:04:24Z INFO HostContext] Well known directory 'Bin': 'C:\Users\diego\OneDrive\Desktop\NAMESPACE1\descarga_hostinger\web1\actions-runner\bin'
[2025-03-09 16:04:24Z INFO HostContext] Well known directory 'Root': 'C:\Users\diego\OneDrive\Desktop\NAMESPACE1\descarga_hostinger\web1\actions-runner'
[2025-03-09 16:04:24Z INFO HostContext] Well known config file 'Credentials': 'C:\Users\diego\OneDrive\Desktop\NAMESPACE1\descarga_hostinger\web1\actions-runner\.credentials'
[2025-03-09 16:04:24Z INFO ConfigurationStore] CredFilePath: C:\Users\diego\OneDrive\Desktop\NAMESPACE1\descarga_hostinger\web1\actions-runner\.credentials
[2025-03-09 16:04:24Z INFO HostContext] Well known directory 'Bin': 'C:\Users\diego\OneDrive\Desktop\NAMESPACE1\descarga_hostinger\web1\actions-runner\bin'
[2025-03-09 16:04:24Z INFO HostContext] Well known directory 'Root': 'C:\Users\diego\OneDrive\Desktop\NAMESPACE1\descarga_hostinger\web1\actions-runner'
[2025-03-09 16:04:24Z INFO HostContext] Well known config file 'MigratedCredentials': 'C:\Users\diego\OneDrive\Desktop\NAMESPACE1\descarga_hostinger\web1\actions-runner\.credentials_migrated'
[2025-03-09 16:04:24Z INFO ConfigurationStore] MigratedCredFilePath: C:\Users\diego\OneDrive\Desktop\NAMESPACE1\descarga_hostinger\web1\actions-runner\.credentials_migrated
[2025-03-09 16:04:24Z INFO HostContext] Well known directory 'Bin': 'C:\Users\diego\OneDrive\Desktop\NAMESPACE1\descarga_hostinger\web1\actions-runner\bin'
[2025-03-09 16:04:24Z INFO HostContext] Well known directory 'Root': 'C:\Users\diego\OneDrive\Desktop\NAMESPACE1\descarga_hostinger\web1\actions-runner'
[2025-03-09 16:04:24Z INFO HostContext] Well known config file 'Service': 'C:\Users\diego\OneDrive\Desktop\NAMESPACE1\descarga_hostinger\web1\actions-runner\.service'
[2025-03-09 16:04:24Z INFO ConfigurationStore] ServiceConfigFilePath: C:\Users\diego\OneDrive\Desktop\NAMESPACE1\descarga_hostinger\web1\actions-runner\.service
[2025-03-09 16:04:24Z INFO CommandSettings] Flag 'help': 'False'
[2025-03-09 16:04:24Z INFO CommandSettings] Flag 'version': 'False'
[2025-03-09 16:04:24Z INFO CommandSettings] Flag 'commit': 'False'
[2025-03-09 16:04:24Z INFO CommandSettings] Flag 'check': 'False'
[2025-03-09 16:04:24Z INFO CommandSettings] Command 'configure': 'True'
[2025-03-09 16:04:24Z INFO Terminal] WRITE LINE: 
[2025-03-09 16:04:24Z INFO Terminal] WRITE LINE: --------------------------------------------------------------------------------
[2025-03-09 16:04:24Z INFO Terminal] WRITE LINE: |        ____ _ _   _   _       _          _        _   _                      |
[2025-03-09 16:04:24Z INFO Terminal] WRITE LINE: |       / ___(_) |_| | | |_   _| |__      / \   ___| |_(_) ___  _ __  ___      |
[2025-03-09 16:04:24Z INFO Terminal] WRITE LINE: |      | |  _| | __| |_| | | | | '_ \    / _ \ / __| __| |/ _ \| '_ \/ __|     |
[2025-03-09 16:04:24Z INFO Terminal] WRITE LINE: |      | |_| | | |_|  _  | |_| | |_) |  / ___ \ (__| |_| | (_) | | | \__ \     |
[2025-03-09 16:04:24Z INFO Terminal] WRITE LINE: |       \____|_|\__|_| |_|\__,_|_.__/  /_/   \_\___|\__|_|\___/|_| |_|___/     |
[2025-03-09 16:04:24Z INFO Terminal] WRITE LINE: |                                                                              |
[2025-03-09 16:04:24Z INFO Terminal] WRITE: |                       
[2025-03-09 16:04:24Z INFO Terminal] WRITE: Self-hosted runner registration
[2025-03-09 16:04:24Z INFO Terminal] WRITE LINE:                         |
[2025-03-09 16:04:24Z INFO Terminal] WRITE LINE: |                                                                              |
[2025-03-09 16:04:24Z INFO Terminal] WRITE LINE: --------------------------------------------------------------------------------
[2025-03-09 16:04:24Z INFO ConfigurationManager] ConfigureAsync
[2025-03-09 16:04:24Z INFO CommandSettings] Flag 'generateServiceConfig': 'False'
[2025-03-09 16:04:24Z INFO ConfigurationStore] IsConfigured()
[2025-03-09 16:04:24Z INFO ConfigurationStore] IsConfigured: True
[2025-03-09 16:04:24Z INFO ConfigurationManager] Is configured: True
[2025-03-09 16:04:24Z ERR  Runner] System.InvalidOperationException: Cannot configure the runner because it is already configured. To reconfigure the runner, run 'config.cmd remove' or './config.sh remove' first.
   at GitHub.Runner.Listener.Configuration.ConfigurationManager.ConfigureAsync(CommandSettings command)
   at GitHub.Runner.Listener.Runner.ExecuteCommand(CommandSettings command)
[2025-03-09 16:04:24Z ERR  Terminal] WRITE ERROR: Cannot configure the runner because it is already configured. To reconfigure the runner, run 'config.cmd remove' or './config.sh remove' first.
[2025-03-09 16:04:24Z INFO Listener] Runner execution has finished with return code 1
