[2025-04-14 10:30:38Z INFO HostContext] No proxy settings were found based on environmental variables (http_proxy/https_proxy/HTTP_PROXY/HTTPS_PROXY)
[2025-04-14 10:30:38Z INFO HostContext] Well known directory 'Bin': 'C:\Users\diego\OneDrive\Desktop\NAMESPACE\PHP\APP1\actions-runner\bin'
[2025-04-14 10:30:38Z INFO HostContext] Well known directory 'Root': 'C:\Users\diego\OneDrive\Desktop\NAMESPACE\PHP\APP1\actions-runner'
[2025-04-14 10:30:38Z INFO HostContext] Well known config file 'Credentials': 'C:\Users\diego\OneDrive\Desktop\NAMESPACE\PHP\APP1\actions-runner\.credentials'
[2025-04-14 10:30:38Z INFO HostContext] Well known directory 'Bin': 'C:\Users\diego\OneDrive\Desktop\NAMESPACE\PHP\APP1\actions-runner\bin'
[2025-04-14 10:30:38Z INFO HostContext] Well known directory 'Root': 'C:\Users\diego\OneDrive\Desktop\NAMESPACE\PHP\APP1\actions-runner'
[2025-04-14 10:30:38Z INFO HostContext] Well known config file 'Runner': 'C:\Users\diego\OneDrive\Desktop\NAMESPACE\PHP\APP1\actions-runner\.runner'
[2025-04-14 10:30:38Z INFO Listener] Runner is built for Windows (X64) - win-x64.
[2025-04-14 10:30:38Z INFO Listener] RuntimeInformation: Microsoft Windows 10.0.22631.
[2025-04-14 10:30:38Z INFO Listener] Version: 2.323.0
[2025-04-14 10:30:38Z INFO Listener] Commit: d8b82f44a9ec0258904d5869ae683c31d5aac299
[2025-04-14 10:30:38Z INFO Listener] Culture: es-ES
[2025-04-14 10:30:38Z INFO Listener] UI Culture: es-ES
[2025-04-14 10:30:38Z INFO HostContext] Well known directory 'Bin': 'C:\Users\diego\OneDrive\Desktop\NAMESPACE\PHP\APP1\actions-runner\bin'
[2025-04-14 10:30:38Z INFO HostContext] Well known directory 'Root': 'C:\Users\diego\OneDrive\Desktop\NAMESPACE\PHP\APP1\actions-runner'
[2025-04-14 10:30:38Z INFO Listener] Validating directory permissions for: 'C:\Users\diego\OneDrive\Desktop\NAMESPACE\PHP\APP1\actions-runner'
[2025-04-14 10:30:38Z INFO CommandLineParser] Parse
[2025-04-14 10:30:38Z INFO CommandLineParser] Parsing 1 args
[2025-04-14 10:30:38Z INFO CommandLineParser] parsing argument
[2025-04-14 10:30:38Z INFO CommandLineParser] HasArgs: False
[2025-04-14 10:30:38Z INFO CommandLineParser] Adding Command: run
[2025-04-14 10:30:38Z INFO Listener] Arguments parsed
[2025-04-14 10:30:38Z INFO Runner] ExecuteCommand
[2025-04-14 10:30:38Z INFO ConfigurationStore] currentAssemblyLocation: C:\Users\diego\OneDrive\Desktop\NAMESPACE\PHP\APP1\actions-runner\bin\Runner.Listener.dll
[2025-04-14 10:30:38Z INFO HostContext] Well known directory 'Bin': 'C:\Users\diego\OneDrive\Desktop\NAMESPACE\PHP\APP1\actions-runner\bin'
[2025-04-14 10:30:38Z INFO ConfigurationStore] binPath: C:\Users\diego\OneDrive\Desktop\NAMESPACE\PHP\APP1\actions-runner\bin
[2025-04-14 10:30:38Z INFO HostContext] Well known directory 'Bin': 'C:\Users\diego\OneDrive\Desktop\NAMESPACE\PHP\APP1\actions-runner\bin'
[2025-04-14 10:30:38Z INFO HostContext] Well known directory 'Root': 'C:\Users\diego\OneDrive\Desktop\NAMESPACE\PHP\APP1\actions-runner'
[2025-04-14 10:30:38Z INFO ConfigurationStore] RootFolder: C:\Users\diego\OneDrive\Desktop\NAMESPACE\PHP\APP1\actions-runner
[2025-04-14 10:30:38Z INFO HostContext] Well known directory 'Bin': 'C:\Users\diego\OneDrive\Desktop\NAMESPACE\PHP\APP1\actions-runner\bin'
[2025-04-14 10:30:38Z INFO HostContext] Well known directory 'Root': 'C:\Users\diego\OneDrive\Desktop\NAMESPACE\PHP\APP1\actions-runner'
[2025-04-14 10:30:38Z INFO HostContext] Well known config file 'Runner': 'C:\Users\diego\OneDrive\Desktop\NAMESPACE\PHP\APP1\actions-runner\.runner'
[2025-04-14 10:30:38Z INFO ConfigurationStore] ConfigFilePath: C:\Users\diego\OneDrive\Desktop\NAMESPACE\PHP\APP1\actions-runner\.runner
[2025-04-14 10:30:38Z INFO HostContext] Well known directory 'Bin': 'C:\Users\diego\OneDrive\Desktop\NAMESPACE\PHP\APP1\actions-runner\bin'
[2025-04-14 10:30:38Z INFO HostContext] Well known directory 'Root': 'C:\Users\diego\OneDrive\Desktop\NAMESPACE\PHP\APP1\actions-runner'
[2025-04-14 10:30:38Z INFO HostContext] Well known config file 'MigratedRunner': 'C:\Users\diego\OneDrive\Desktop\NAMESPACE\PHP\APP1\actions-runner\.runner_migrated'
[2025-04-14 10:30:38Z INFO ConfigurationStore] MigratedConfigFilePath: C:\Users\diego\OneDrive\Desktop\NAMESPACE\PHP\APP1\actions-runner\.runner_migrated
[2025-04-14 10:30:38Z INFO HostContext] Well known directory 'Bin': 'C:\Users\diego\OneDrive\Desktop\NAMESPACE\PHP\APP1\actions-runner\bin'
[2025-04-14 10:30:38Z INFO HostContext] Well known directory 'Root': 'C:\Users\diego\OneDrive\Desktop\NAMESPACE\PHP\APP1\actions-runner'
[2025-04-14 10:30:38Z INFO HostContext] Well known config file 'Credentials': 'C:\Users\diego\OneDrive\Desktop\NAMESPACE\PHP\APP1\actions-runner\.credentials'
[2025-04-14 10:30:38Z INFO ConfigurationStore] CredFilePath: C:\Users\diego\OneDrive\Desktop\NAMESPACE\PHP\APP1\actions-runner\.credentials
[2025-04-14 10:30:38Z INFO HostContext] Well known directory 'Bin': 'C:\Users\diego\OneDrive\Desktop\NAMESPACE\PHP\APP1\actions-runner\bin'
[2025-04-14 10:30:38Z INFO HostContext] Well known directory 'Root': 'C:\Users\diego\OneDrive\Desktop\NAMESPACE\PHP\APP1\actions-runner'
[2025-04-14 10:30:38Z INFO HostContext] Well known config file 'MigratedCredentials': 'C:\Users\diego\OneDrive\Desktop\NAMESPACE\PHP\APP1\actions-runner\.credentials_migrated'
[2025-04-14 10:30:38Z INFO ConfigurationStore] MigratedCredFilePath: C:\Users\diego\OneDrive\Desktop\NAMESPACE\PHP\APP1\actions-runner\.credentials_migrated
[2025-04-14 10:30:38Z INFO HostContext] Well known directory 'Bin': 'C:\Users\diego\OneDrive\Desktop\NAMESPACE\PHP\APP1\actions-runner\bin'
[2025-04-14 10:30:38Z INFO HostContext] Well known directory 'Root': 'C:\Users\diego\OneDrive\Desktop\NAMESPACE\PHP\APP1\actions-runner'
[2025-04-14 10:30:38Z INFO HostContext] Well known config file 'Service': 'C:\Users\diego\OneDrive\Desktop\NAMESPACE\PHP\APP1\actions-runner\.service'
[2025-04-14 10:30:38Z INFO ConfigurationStore] ServiceConfigFilePath: C:\Users\diego\OneDrive\Desktop\NAMESPACE\PHP\APP1\actions-runner\.service
[2025-04-14 10:30:38Z INFO CommandSettings] Flag 'help': 'False'
[2025-04-14 10:30:38Z INFO CommandSettings] Flag 'version': 'False'
[2025-04-14 10:30:38Z INFO CommandSettings] Flag 'commit': 'False'
[2025-04-14 10:30:38Z INFO CommandSettings] Flag 'check': 'False'
[2025-04-14 10:30:38Z INFO CommandSettings] Command 'configure': 'False'
[2025-04-14 10:30:38Z INFO CommandSettings] Command 'remove': 'False'
[2025-04-14 10:30:38Z INFO CommandSettings] Command 'warmup': 'False'
[2025-04-14 10:30:38Z INFO ConfigurationManager] LoadSettings
[2025-04-14 10:30:38Z INFO ConfigurationStore] IsConfigured()
[2025-04-14 10:30:38Z INFO ConfigurationStore] IsConfigured: True
[2025-04-14 10:30:38Z INFO ConfigurationManager] Is configured: True
[2025-04-14 10:30:38Z INFO ConfigurationStore] Read setting file: 288 chars
[2025-04-14 10:30:38Z INFO ConfigurationManager] Settings Loaded
[2025-04-14 10:30:38Z INFO ConfigurationStore] IsServiceConfigured()
[2025-04-14 10:30:38Z INFO ConfigurationStore] IsServiceConfigured: False
[2025-04-14 10:30:38Z INFO CommandSettings] Command 'run': 'True'
[2025-04-14 10:30:38Z INFO ConfigurationStore] IsConfigured()
[2025-04-14 10:30:38Z INFO ConfigurationStore] IsConfigured: True
[2025-04-14 10:30:38Z INFO ConfigurationManager] Is configured: True
[2025-04-14 10:30:38Z INFO Runner] Could not parse the argument value '' for StartupType. Defaulting to Manual
[2025-04-14 10:30:38Z INFO Runner] Set runner startup type - Manual
[2025-04-14 10:30:38Z INFO CommandSettings] Flag 'once': 'False'
[2025-04-14 10:30:38Z INFO CommandSettings] Flag 'once': 'False'
[2025-04-14 10:30:38Z INFO Runner] RunAsync
[2025-04-14 10:30:38Z INFO ConfigurationManager] LoadSettings
[2025-04-14 10:30:38Z INFO ConfigurationStore] IsConfigured()
[2025-04-14 10:30:38Z INFO ConfigurationStore] IsConfigured: True
[2025-04-14 10:30:38Z INFO ConfigurationManager] Is configured: True
[2025-04-14 10:30:38Z INFO ConfigurationManager] Settings Loaded
[2025-04-14 10:30:38Z INFO MessageListener] {
  "AgentId": 21,
  "AgentName": "Z",
  "PoolId": 1,
  "PoolName": "Default",
  "ServerUrl": "https://pipelinesghubeus6.actions.githubusercontent.com/Hu6LoIURLcAZb5ywLNn8PPjqt3rWQwSdMReh1CbDq0ALzdQj83/",
  "GitHubUrl": "https://github.com/zarkius/APP1",
  "WorkFolder": "_work"
}
[2025-04-14 10:30:38Z INFO MessageListener] Loading Credentials
[2025-04-14 10:30:38Z INFO ConfigurationStore] HasCredentials()
[2025-04-14 10:30:38Z INFO ConfigurationStore] stored True
[2025-04-14 10:30:38Z INFO CredentialManager] GetCredentialProvider
[2025-04-14 10:30:38Z INFO CredentialManager] Creating type OAuth
[2025-04-14 10:30:38Z INFO CredentialManager] Creating credential type: OAuth
[2025-04-14 10:30:38Z INFO HostContext] Well known directory 'Bin': 'C:\Users\diego\OneDrive\Desktop\NAMESPACE\PHP\APP1\actions-runner\bin'
[2025-04-14 10:30:38Z INFO HostContext] Well known directory 'Root': 'C:\Users\diego\OneDrive\Desktop\NAMESPACE\PHP\APP1\actions-runner'
[2025-04-14 10:30:38Z INFO HostContext] Well known config file 'RSACredentials': 'C:\Users\diego\OneDrive\Desktop\NAMESPACE\PHP\APP1\actions-runner\.credentials_rsaparams'
[2025-04-14 10:30:38Z INFO RSAEncryptedFileKeyManager] Loading RSA key parameters from file C:\Users\diego\OneDrive\Desktop\NAMESPACE\PHP\APP1\actions-runner\.credentials_rsaparams
[2025-04-14 10:30:38Z INFO MessageListener] Attempt to create session.
[2025-04-14 10:30:38Z INFO MessageListener] Connecting to the Runner Server...
[2025-04-14 10:30:38Z INFO RunnerServer] EstablishVssConnection
[2025-04-14 10:30:38Z INFO RunnerServer] Establish connection with 100 seconds timeout.
[2025-04-14 10:30:39Z INFO GitHubActionsService] Starting operation Location.GetConnectionData
[2025-04-14 10:30:39Z INFO RunnerServer] EstablishVssConnection
[2025-04-14 10:30:39Z INFO RunnerServer] Establish connection with 60 seconds timeout.
[2025-04-14 10:30:39Z INFO GitHubActionsService] Starting operation Location.GetConnectionData
[2025-04-14 10:30:39Z INFO RunnerServer] EstablishVssConnection
[2025-04-14 10:30:39Z INFO RunnerServer] Establish connection with 60 seconds timeout.
[2025-04-14 10:30:39Z INFO GitHubActionsService] Starting operation Location.GetConnectionData
[2025-04-14 10:30:39Z INFO GitHubActionsService] Finished operation Location.GetConnectionData
[2025-04-14 10:30:39Z INFO GitHubActionsService] Finished operation Location.GetConnectionData
[2025-04-14 10:30:39Z INFO GitHubActionsService] Finished operation Location.GetConnectionData
[2025-04-14 10:30:39Z INFO MessageListener] VssConnection created
[2025-04-14 10:30:39Z INFO Terminal] WRITE LINE: 
[2025-04-14 10:30:39Z INFO Terminal] WRITE LINE: 
[2025-04-14 10:30:39Z INFO RSAEncryptedFileKeyManager] Loading RSA key parameters from file C:\Users\diego\OneDrive\Desktop\NAMESPACE\PHP\APP1\actions-runner\.credentials_rsaparams
[2025-04-14 10:30:39Z INFO RSAEncryptedFileKeyManager] Loading RSA key parameters from file C:\Users\diego\OneDrive\Desktop\NAMESPACE\PHP\APP1\actions-runner\.credentials_rsaparams
[2025-04-14 10:30:40Z INFO GitHubActionsService] AAD Correlation ID for this token request: Unknown
[2025-04-14 10:30:40Z INFO MessageListener] Session created.
[2025-04-14 10:30:40Z INFO Terminal] WRITE LINE: Current runner version: '2.323.0'
[2025-04-14 10:30:40Z INFO Terminal] WRITE LINE: 2025-04-14 10:30:40Z: Listening for Jobs
[2025-04-14 10:30:40Z INFO JobDispatcher] Set runner/worker IPC timeout to 30 seconds.
[2025-04-14 10:30:40Z INFO RSAEncryptedFileKeyManager] Loading RSA key parameters from file C:\Users\diego\OneDrive\Desktop\NAMESPACE\PHP\APP1\actions-runner\.credentials_rsaparams
[2025-04-14 10:30:40Z INFO GitHubActionsService] AAD Correlation ID for this token request: Unknown
[2025-04-14 10:30:56Z INFO Terminal] WRITE LINE: Exiting...
[2025-04-14 10:30:56Z INFO ConfigurationStore] IsServiceConfigured()
[2025-04-14 10:30:56Z INFO ConfigurationStore] IsServiceConfigured: False
[2025-04-14 10:30:56Z INFO HostContext] Runner will be shutdown for UserCancelled
[2025-04-14 10:30:56Z WARN GitHubActionsService] GET request to https://broker.actions.githubusercontent.com/message?sessionId=64a35ed9-07af-4bd0-893f-7ea1d2973c42&status=Online&runnerVersion=2.323.0&os=Windows&architecture=X64&disableUpdate=false has been cancelled.
[2025-04-14 10:30:56Z ERR  BrokerServer] Catch exception during request
[2025-04-14 10:30:56Z ERR  BrokerServer] System.Threading.Tasks.TaskCanceledException: The operation was canceled.
 ---> System.Threading.Tasks.TaskCanceledException: The operation was canceled.
 ---> System.IO.IOException: Unable to read data from the transport connection: La operación de E/S se anuló por una salida de subproceso o por una solicitud de aplicación..
 ---> System.Net.Sockets.SocketException (995): La operación de E/S se anuló por una salida de subproceso o por una solicitud de aplicación.
   --- End of inner exception stack trace ---
   at System.Net.Sockets.Socket.AwaitableSocketAsyncEventArgs.ThrowException(SocketError error, CancellationToken cancellationToken)
   at System.Net.Sockets.Socket.AwaitableSocketAsyncEventArgs.System.Threading.Tasks.Sources.IValueTaskSource<System.Int32>.GetResult(Int16 token)
   at System.Net.Security.SslStream.EnsureFullTlsFrameAsync[TIOAdapter](CancellationToken cancellationToken, Int32 estimatedSize)
   at System.Runtime.CompilerServices.PoolingAsyncValueTaskMethodBuilder`1.StateMachineBox`1.System.Threading.Tasks.Sources.IValueTaskSource<TResult>.GetResult(Int16 token)
   at System.Net.Security.SslStream.ReadAsyncInternal[TIOAdapter](Memory`1 buffer, CancellationToken cancellationToken)
   at System.Runtime.CompilerServices.PoolingAsyncValueTaskMethodBuilder`1.StateMachineBox`1.System.Threading.Tasks.Sources.IValueTaskSource<TResult>.GetResult(Int16 token)
   at System.Net.Http.HttpConnection.InitialFillAsync(Boolean async)
   at System.Net.Http.HttpConnection.SendAsync(HttpRequestMessage request, Boolean async, CancellationToken cancellationToken)
   --- End of inner exception stack trace ---
   at System.Net.Http.HttpConnection.SendAsync(HttpRequestMessage request, Boolean async, CancellationToken cancellationToken)
   at System.Net.Http.AuthenticationHelper.SendWithNtAuthAsync(HttpRequestMessage request, Uri authUri, Boolean async, ICredentials credentials, Boolean isProxyAuth, HttpConnection connection, HttpConnectionPool connectionPool, CancellationToken cancellationToken)
   at System.Net.Http.HttpConnectionPool.SendWithVersionDetectionAndRetryAsync(HttpRequestMessage request, Boolean async, Boolean doRequestAuth, CancellationToken cancellationToken)
   at System.Net.Http.AuthenticationHelper.SendWithAuthAsync(HttpRequestMessage request, Uri authUri, Boolean async, ICredentials credentials, Boolean preAuthenticate, Boolean isProxyAuth, Boolean doRequestAuth, HttpConnectionPool pool, CancellationToken cancellationToken)
   at System.Net.Http.RedirectHandler.SendAsync(HttpRequestMessage request, Boolean async, CancellationToken cancellationToken)
   at GitHub.Services.Common.RawHttpMessageHandler.SendAsync(HttpRequestMessage request, CancellationToken cancellationToken)
   at GitHub.Services.Common.VssHttpRetryMessageHandler.SendAsync(HttpRequestMessage request, CancellationToken cancellationToken)
   at System.Net.Http.HttpClient.<SendAsync>g__Core|83_0(HttpRequestMessage request, HttpCompletionOption completionOption, CancellationTokenSource cts, Boolean disposeCts, CancellationTokenSource pendingRequestsCts, CancellationToken originalCancellationToken)
   --- End of inner exception stack trace ---
   at System.Net.Http.HttpClient.HandleFailure(Exception e, Boolean telemetryStarted, HttpResponseMessage response, CancellationTokenSource cts, CancellationToken cancellationToken, CancellationTokenSource pendingRequestsCts)
   at System.Net.Http.HttpClient.<SendAsync>g__Core|83_0(HttpRequestMessage request, HttpCompletionOption completionOption, CancellationTokenSource cts, Boolean disposeCts, CancellationTokenSource pendingRequestsCts, CancellationToken originalCancellationToken)
   at Sdk.WebApi.WebApi.RawHttpClientBase.SendAsync(HttpRequestMessage message, HttpCompletionOption completionOption, Object userState, CancellationToken cancellationToken)
   at Sdk.WebApi.WebApi.RawHttpClientBase.SendAsync[T](HttpRequestMessage message, Boolean readErrorBody, Object userState, CancellationToken cancellationToken)
   at Sdk.WebApi.WebApi.RawHttpClientBase.SendAsync[T](HttpMethod method, IEnumerable`1 additionalHeaders, Uri requestUri, HttpContent content, IEnumerable`1 queryParameters, Boolean readErrorBody, Object userState, CancellationToken cancellationToken)
   at GitHub.Actions.RunService.WebApi.BrokerHttpClient.GetRunnerMessageAsync(Nullable`1 sessionId, String runnerVersion, Nullable`1 status, String os, String architecture, Nullable`1 disableUpdate, CancellationToken cancellationToken)
   at GitHub.Runner.Common.BrokerServer.<>c__DisplayClass7_0.<<GetRunnerMessageAsync>b__0>d.MoveNext()
--- End of stack trace from previous location ---
   at GitHub.Runner.Common.RunnerService.RetryRequest[T](Func`1 func, CancellationToken cancellationToken, Int32 maxRetryAttemptsCount, Func`2 shouldRetry)
[2025-04-14 10:30:56Z ERR  BrokerServer] #####################################################
[2025-04-14 10:30:56Z ERR  BrokerServer] System.Threading.Tasks.TaskCanceledException: The operation was canceled.
 ---> System.IO.IOException: Unable to read data from the transport connection: La operación de E/S se anuló por una salida de subproceso o por una solicitud de aplicación..
 ---> System.Net.Sockets.SocketException (995): La operación de E/S se anuló por una salida de subproceso o por una solicitud de aplicación.
   --- End of inner exception stack trace ---
   at System.Net.Sockets.Socket.AwaitableSocketAsyncEventArgs.ThrowException(SocketError error, CancellationToken cancellationToken)
   at System.Net.Sockets.Socket.AwaitableSocketAsyncEventArgs.System.Threading.Tasks.Sources.IValueTaskSource<System.Int32>.GetResult(Int16 token)
   at System.Net.Security.SslStream.EnsureFullTlsFrameAsync[TIOAdapter](CancellationToken cancellationToken, Int32 estimatedSize)
   at System.Runtime.CompilerServices.PoolingAsyncValueTaskMethodBuilder`1.StateMachineBox`1.System.Threading.Tasks.Sources.IValueTaskSource<TResult>.GetResult(Int16 token)
   at System.Net.Security.SslStream.ReadAsyncInternal[TIOAdapter](Memory`1 buffer, CancellationToken cancellationToken)
   at System.Runtime.CompilerServices.PoolingAsyncValueTaskMethodBuilder`1.StateMachineBox`1.System.Threading.Tasks.Sources.IValueTaskSource<TResult>.GetResult(Int16 token)
   at System.Net.Http.HttpConnection.InitialFillAsync(Boolean async)
   at System.Net.Http.HttpConnection.SendAsync(HttpRequestMessage request, Boolean async, CancellationToken cancellationToken)
   --- End of inner exception stack trace ---
   at System.Net.Http.HttpConnection.SendAsync(HttpRequestMessage request, Boolean async, CancellationToken cancellationToken)
   at System.Net.Http.AuthenticationHelper.SendWithNtAuthAsync(HttpRequestMessage request, Uri authUri, Boolean async, ICredentials credentials, Boolean isProxyAuth, HttpConnection connection, HttpConnectionPool connectionPool, CancellationToken cancellationToken)
   at System.Net.Http.HttpConnectionPool.SendWithVersionDetectionAndRetryAsync(HttpRequestMessage request, Boolean async, Boolean doRequestAuth, CancellationToken cancellationToken)
   at System.Net.Http.AuthenticationHelper.SendWithAuthAsync(HttpRequestMessage request, Uri authUri, Boolean async, ICredentials credentials, Boolean preAuthenticate, Boolean isProxyAuth, Boolean doRequestAuth, HttpConnectionPool pool, CancellationToken cancellationToken)
   at System.Net.Http.RedirectHandler.SendAsync(HttpRequestMessage request, Boolean async, CancellationToken cancellationToken)
   at GitHub.Services.Common.RawHttpMessageHandler.SendAsync(HttpRequestMessage request, CancellationToken cancellationToken)
   at GitHub.Services.Common.VssHttpRetryMessageHandler.SendAsync(HttpRequestMessage request, CancellationToken cancellationToken)
   at System.Net.Http.HttpClient.<SendAsync>g__Core|83_0(HttpRequestMessage request, HttpCompletionOption completionOption, CancellationTokenSource cts, Boolean disposeCts, CancellationTokenSource pendingRequestsCts, CancellationToken originalCancellationToken)
[2025-04-14 10:30:56Z ERR  BrokerServer] #####################################################
[2025-04-14 10:30:56Z ERR  BrokerServer] System.IO.IOException: Unable to read data from the transport connection: La operación de E/S se anuló por una salida de subproceso o por una solicitud de aplicación..
 ---> System.Net.Sockets.SocketException (995): La operación de E/S se anuló por una salida de subproceso o por una solicitud de aplicación.
   --- End of inner exception stack trace ---
   at System.Net.Sockets.Socket.AwaitableSocketAsyncEventArgs.ThrowException(SocketError error, CancellationToken cancellationToken)
   at System.Net.Sockets.Socket.AwaitableSocketAsyncEventArgs.System.Threading.Tasks.Sources.IValueTaskSource<System.Int32>.GetResult(Int16 token)
   at System.Net.Security.SslStream.EnsureFullTlsFrameAsync[TIOAdapter](CancellationToken cancellationToken, Int32 estimatedSize)
   at System.Runtime.CompilerServices.PoolingAsyncValueTaskMethodBuilder`1.StateMachineBox`1.System.Threading.Tasks.Sources.IValueTaskSource<TResult>.GetResult(Int16 token)
   at System.Net.Security.SslStream.ReadAsyncInternal[TIOAdapter](Memory`1 buffer, CancellationToken cancellationToken)
   at System.Runtime.CompilerServices.PoolingAsyncValueTaskMethodBuilder`1.StateMachineBox`1.System.Threading.Tasks.Sources.IValueTaskSource<TResult>.GetResult(Int16 token)
   at System.Net.Http.HttpConnection.InitialFillAsync(Boolean async)
   at System.Net.Http.HttpConnection.SendAsync(HttpRequestMessage request, Boolean async, CancellationToken cancellationToken)
[2025-04-14 10:30:56Z ERR  BrokerServer] #####################################################
[2025-04-14 10:30:56Z ERR  BrokerServer] System.Net.Sockets.SocketException (995): La operación de E/S se anuló por una salida de subproceso o por una solicitud de aplicación.
[2025-04-14 10:30:56Z WARN BrokerServer] Back off 13,225 seconds before next retry. 4 attempt left.
[2025-04-14 10:30:56Z INFO MessageListener] Get next message has been cancelled.
[2025-04-14 10:30:56Z INFO JobDispatcher] Shutting down JobDispatcher. Make sure all WorkerDispatcher has finished.
[2025-04-14 10:30:56Z INFO Runner] Deleting Runner Session...
[2025-04-14 10:30:56Z INFO Listener] Runner execution been cancelled.
