[2025-04-14 10:31:54Z INFO HostContext] No proxy settings were found based on environmental variables (http_proxy/https_proxy/HTTP_PROXY/HTTPS_PROXY)
[2025-04-14 10:31:54Z INFO HostContext] Well known directory 'Bin': 'C:\Users\diego\OneDrive\Desktop\NAMESPACE\PHP\APP1\actions-runner\bin'
[2025-04-14 10:31:54Z INFO HostContext] Well known directory 'Root': 'C:\Users\diego\OneDrive\Desktop\NAMESPACE\PHP\APP1\actions-runner'
[2025-04-14 10:31:54Z INFO HostContext] Well known config file 'Credentials': 'C:\Users\diego\OneDrive\Desktop\NAMESPACE\PHP\APP1\actions-runner\.credentials'
[2025-04-14 10:31:54Z INFO HostContext] Well known directory 'Bin': 'C:\Users\diego\OneDrive\Desktop\NAMESPACE\PHP\APP1\actions-runner\bin'
[2025-04-14 10:31:54Z INFO HostContext] Well known directory 'Root': 'C:\Users\diego\OneDrive\Desktop\NAMESPACE\PHP\APP1\actions-runner'
[2025-04-14 10:31:54Z INFO HostContext] Well known config file 'Runner': 'C:\Users\diego\OneDrive\Desktop\NAMESPACE\PHP\APP1\actions-runner\.runner'
[2025-04-14 10:31:54Z INFO Listener] Runner is built for Windows (X64) - win-x64.
[2025-04-14 10:31:54Z INFO Listener] RuntimeInformation: Microsoft Windows 10.0.22631.
[2025-04-14 10:31:54Z INFO Listener] Version: 2.323.0
[2025-04-14 10:31:54Z INFO Listener] Commit: d8b82f44a9ec0258904d5869ae683c31d5aac299
[2025-04-14 10:31:54Z INFO Listener] Culture: es-ES
[2025-04-14 10:31:54Z INFO Listener] UI Culture: es-ES
[2025-04-14 10:31:54Z INFO HostContext] Well known directory 'Bin': 'C:\Users\diego\OneDrive\Desktop\NAMESPACE\PHP\APP1\actions-runner\bin'
[2025-04-14 10:31:54Z INFO HostContext] Well known directory 'Root': 'C:\Users\diego\OneDrive\Desktop\NAMESPACE\PHP\APP1\actions-runner'
[2025-04-14 10:31:54Z INFO Listener] Validating directory permissions for: 'C:\Users\diego\OneDrive\Desktop\NAMESPACE\PHP\APP1\actions-runner'
[2025-04-14 10:31:54Z INFO CommandLineParser] Parse
[2025-04-14 10:31:54Z INFO CommandLineParser] Parsing 5 args
[2025-04-14 10:31:54Z INFO CommandLineParser] parsing argument
[2025-04-14 10:31:54Z INFO CommandLineParser] HasArgs: False
[2025-04-14 10:31:54Z INFO CommandLineParser] Adding Command: configure
[2025-04-14 10:31:54Z INFO CommandLineParser] parsing argument
[2025-04-14 10:31:54Z INFO CommandLineParser] HasArgs: True
[2025-04-14 10:31:54Z INFO CommandLineParser] arg: url
[2025-04-14 10:31:54Z INFO CommandLineParser] parsing argument
[2025-04-14 10:31:54Z INFO CommandLineParser] HasArgs: True
[2025-04-14 10:31:54Z INFO CommandLineParser] Adding option 'url': 'https://github.com/zarkius/APP1'
[2025-04-14 10:31:54Z INFO CommandLineParser] parsing argument
[2025-04-14 10:31:54Z INFO CommandLineParser] HasArgs: True
[2025-04-14 10:31:54Z INFO CommandLineParser] arg: token
[2025-04-14 10:31:54Z INFO CommandLineParser] parsing argument
[2025-04-14 10:31:54Z INFO CommandLineParser] HasArgs: True
[2025-04-14 10:31:54Z INFO CommandLineParser] Adding option 'token': '***'
[2025-04-14 10:31:54Z INFO Listener] Arguments parsed
[2025-04-14 10:31:54Z INFO Runner] ExecuteCommand
[2025-04-14 10:31:54Z INFO ConfigurationStore] currentAssemblyLocation: C:\Users\diego\OneDrive\Desktop\NAMESPACE\PHP\APP1\actions-runner\bin\Runner.Listener.dll
[2025-04-14 10:31:54Z INFO HostContext] Well known directory 'Bin': 'C:\Users\diego\OneDrive\Desktop\NAMESPACE\PHP\APP1\actions-runner\bin'
[2025-04-14 10:31:54Z INFO ConfigurationStore] binPath: C:\Users\diego\OneDrive\Desktop\NAMESPACE\PHP\APP1\actions-runner\bin
[2025-04-14 10:31:54Z INFO HostContext] Well known directory 'Bin': 'C:\Users\diego\OneDrive\Desktop\NAMESPACE\PHP\APP1\actions-runner\bin'
[2025-04-14 10:31:54Z INFO HostContext] Well known directory 'Root': 'C:\Users\diego\OneDrive\Desktop\NAMESPACE\PHP\APP1\actions-runner'
[2025-04-14 10:31:54Z INFO ConfigurationStore] RootFolder: C:\Users\diego\OneDrive\Desktop\NAMESPACE\PHP\APP1\actions-runner
[2025-04-14 10:31:54Z INFO HostContext] Well known directory 'Bin': 'C:\Users\diego\OneDrive\Desktop\NAMESPACE\PHP\APP1\actions-runner\bin'
[2025-04-14 10:31:54Z INFO HostContext] Well known directory 'Root': 'C:\Users\diego\OneDrive\Desktop\NAMESPACE\PHP\APP1\actions-runner'
[2025-04-14 10:31:54Z INFO HostContext] Well known config file 'Runner': 'C:\Users\diego\OneDrive\Desktop\NAMESPACE\PHP\APP1\actions-runner\.runner'
[2025-04-14 10:31:54Z INFO ConfigurationStore] ConfigFilePath: C:\Users\diego\OneDrive\Desktop\NAMESPACE\PHP\APP1\actions-runner\.runner
[2025-04-14 10:31:54Z INFO HostContext] Well known directory 'Bin': 'C:\Users\diego\OneDrive\Desktop\NAMESPACE\PHP\APP1\actions-runner\bin'
[2025-04-14 10:31:54Z INFO HostContext] Well known directory 'Root': 'C:\Users\diego\OneDrive\Desktop\NAMESPACE\PHP\APP1\actions-runner'
[2025-04-14 10:31:54Z INFO HostContext] Well known config file 'MigratedRunner': 'C:\Users\diego\OneDrive\Desktop\NAMESPACE\PHP\APP1\actions-runner\.runner_migrated'
[2025-04-14 10:31:54Z INFO ConfigurationStore] MigratedConfigFilePath: C:\Users\diego\OneDrive\Desktop\NAMESPACE\PHP\APP1\actions-runner\.runner_migrated
[2025-04-14 10:31:54Z INFO HostContext] Well known directory 'Bin': 'C:\Users\diego\OneDrive\Desktop\NAMESPACE\PHP\APP1\actions-runner\bin'
[2025-04-14 10:31:54Z INFO HostContext] Well known directory 'Root': 'C:\Users\diego\OneDrive\Desktop\NAMESPACE\PHP\APP1\actions-runner'
[2025-04-14 10:31:54Z INFO HostContext] Well known config file 'Credentials': 'C:\Users\diego\OneDrive\Desktop\NAMESPACE\PHP\APP1\actions-runner\.credentials'
[2025-04-14 10:31:54Z INFO ConfigurationStore] CredFilePath: C:\Users\diego\OneDrive\Desktop\NAMESPACE\PHP\APP1\actions-runner\.credentials
[2025-04-14 10:31:54Z INFO HostContext] Well known directory 'Bin': 'C:\Users\diego\OneDrive\Desktop\NAMESPACE\PHP\APP1\actions-runner\bin'
[2025-04-14 10:31:54Z INFO HostContext] Well known directory 'Root': 'C:\Users\diego\OneDrive\Desktop\NAMESPACE\PHP\APP1\actions-runner'
[2025-04-14 10:31:54Z INFO HostContext] Well known config file 'MigratedCredentials': 'C:\Users\diego\OneDrive\Desktop\NAMESPACE\PHP\APP1\actions-runner\.credentials_migrated'
[2025-04-14 10:31:54Z INFO ConfigurationStore] MigratedCredFilePath: C:\Users\diego\OneDrive\Desktop\NAMESPACE\PHP\APP1\actions-runner\.credentials_migrated
[2025-04-14 10:31:54Z INFO HostContext] Well known directory 'Bin': 'C:\Users\diego\OneDrive\Desktop\NAMESPACE\PHP\APP1\actions-runner\bin'
[2025-04-14 10:31:54Z INFO HostContext] Well known directory 'Root': 'C:\Users\diego\OneDrive\Desktop\NAMESPACE\PHP\APP1\actions-runner'
[2025-04-14 10:31:54Z INFO HostContext] Well known config file 'Service': 'C:\Users\diego\OneDrive\Desktop\NAMESPACE\PHP\APP1\actions-runner\.service'
[2025-04-14 10:31:54Z INFO ConfigurationStore] ServiceConfigFilePath: C:\Users\diego\OneDrive\Desktop\NAMESPACE\PHP\APP1\actions-runner\.service
[2025-04-14 10:31:54Z INFO CommandSettings] Flag 'help': 'False'
[2025-04-14 10:31:54Z INFO CommandSettings] Flag 'version': 'False'
[2025-04-14 10:31:54Z INFO CommandSettings] Flag 'commit': 'False'
[2025-04-14 10:31:54Z INFO CommandSettings] Flag 'check': 'False'
[2025-04-14 10:31:54Z INFO CommandSettings] Command 'configure': 'True'
[2025-04-14 10:31:54Z INFO Terminal] WRITE LINE: 
[2025-04-14 10:31:54Z INFO Terminal] WRITE LINE: --------------------------------------------------------------------------------
[2025-04-14 10:31:54Z INFO Terminal] WRITE LINE: |        ____ _ _   _   _       _          _        _   _                      |
[2025-04-14 10:31:54Z INFO Terminal] WRITE LINE: |       / ___(_) |_| | | |_   _| |__      / \   ___| |_(_) ___  _ __  ___      |
[2025-04-14 10:31:54Z INFO Terminal] WRITE LINE: |      | |  _| | __| |_| | | | | '_ \    / _ \ / __| __| |/ _ \| '_ \/ __|     |
[2025-04-14 10:31:54Z INFO Terminal] WRITE LINE: |      | |_| | | |_|  _  | |_| | |_) |  / ___ \ (__| |_| | (_) | | | \__ \     |
[2025-04-14 10:31:54Z INFO Terminal] WRITE LINE: |       \____|_|\__|_| |_|\__,_|_.__/  /_/   \_\___|\__|_|\___/|_| |_|___/     |
[2025-04-14 10:31:54Z INFO Terminal] WRITE LINE: |                                                                              |
[2025-04-14 10:31:54Z INFO Terminal] WRITE: |                       
[2025-04-14 10:31:54Z INFO Terminal] WRITE: Self-hosted runner registration
[2025-04-14 10:31:54Z INFO Terminal] WRITE LINE:                         |
[2025-04-14 10:31:54Z INFO Terminal] WRITE LINE: |                                                                              |
[2025-04-14 10:31:54Z INFO Terminal] WRITE LINE: --------------------------------------------------------------------------------
[2025-04-14 10:31:54Z INFO ConfigurationManager] ConfigureAsync
[2025-04-14 10:31:54Z INFO CommandSettings] Flag 'generateServiceConfig': 'False'
[2025-04-14 10:31:54Z INFO ConfigurationStore] IsConfigured()
[2025-04-14 10:31:54Z INFO ConfigurationStore] IsConfigured: False
[2025-04-14 10:31:54Z INFO ConfigurationManager] Is configured: False
[2025-04-14 10:31:54Z INFO CommandSettings] Arg 'url': 'https://github.com/zarkius/APP1'
[2025-04-14 10:31:54Z INFO CommandSettings] Remove url from Arg dictionary.
[2025-04-14 10:31:54Z INFO CommandSettings] Arg 'token': '***'
[2025-04-14 10:31:54Z INFO CommandSettings] Remove token from Arg dictionary.
[2025-04-14 10:31:54Z INFO ConfigurationManager] Http response code: OK from 'POST https://api.github.com/actions/runner-registration' (5924:345751:3AAD182:3C8AD16:67FCE41A)
[2025-04-14 10:31:54Z INFO ConfigurationManager] Using V2 flow: False
[2025-04-14 10:31:54Z INFO ConfigurationManager] cred retrieved via GitHub auth
[2025-04-14 10:31:54Z INFO RunnerServer] EstablishVssConnection
[2025-04-14 10:31:54Z INFO RunnerServer] Establish connection with 100 seconds timeout.
[2025-04-14 10:31:54Z INFO GitHubActionsService] Starting operation Location.GetConnectionData
[2025-04-14 10:31:55Z INFO RunnerServer] EstablishVssConnection
[2025-04-14 10:31:55Z INFO RunnerServer] Establish connection with 60 seconds timeout.
[2025-04-14 10:31:55Z INFO GitHubActionsService] Starting operation Location.GetConnectionData
[2025-04-14 10:31:55Z INFO RunnerServer] EstablishVssConnection
[2025-04-14 10:31:55Z INFO RunnerServer] Establish connection with 60 seconds timeout.
[2025-04-14 10:31:55Z INFO GitHubActionsService] Starting operation Location.GetConnectionData
[2025-04-14 10:31:55Z INFO GitHubActionsService] Finished operation Location.GetConnectionData
[2025-04-14 10:31:55Z INFO GitHubActionsService] Finished operation Location.GetConnectionData
[2025-04-14 10:31:55Z INFO GitHubActionsService] Finished operation Location.GetConnectionData
[2025-04-14 10:31:55Z INFO Terminal] WRITE LINE: 
[2025-04-14 10:31:55Z INFO ConfigurationManager] Test Connection complete.
[2025-04-14 10:31:55Z INFO HostContext] Well known directory 'Bin': 'C:\Users\diego\OneDrive\Desktop\NAMESPACE\PHP\APP1\actions-runner\bin'
[2025-04-14 10:31:55Z INFO HostContext] Well known directory 'Root': 'C:\Users\diego\OneDrive\Desktop\NAMESPACE\PHP\APP1\actions-runner'
[2025-04-14 10:31:55Z INFO HostContext] Well known config file 'RSACredentials': 'C:\Users\diego\OneDrive\Desktop\NAMESPACE\PHP\APP1\actions-runner\.credentials_rsaparams'
[2025-04-14 10:31:55Z INFO RSAEncryptedFileKeyManager] Creating new RSA key using 2048-bit key length
[2025-04-14 10:31:55Z INFO RSAEncryptedFileKeyManager] Successfully saved RSA key parameters to file C:\Users\diego\OneDrive\Desktop\NAMESPACE\PHP\APP1\actions-runner\.credentials_rsaparams
[2025-04-14 10:31:55Z INFO CommandSettings] Arg 'runnergroup': ''
[2025-04-14 10:31:55Z INFO CommandSettings] Flag 'unattended': 'False'
[2025-04-14 10:31:55Z INFO PromptManager] ReadValue
[2025-04-14 10:31:55Z INFO Terminal] WRITE: Enter the name of the runner group to add this runner to: 
[2025-04-14 10:31:55Z INFO Terminal] WRITE: [press Enter for Default] 
[2025-04-14 10:31:55Z INFO Terminal] READ LINE
[2025-04-14 10:31:58Z INFO Terminal] Read value: ''
[2025-04-14 10:31:58Z INFO PromptManager] Falling back to the default: 'Default'
[2025-04-14 10:31:58Z INFO Terminal] WRITE LINE: 
[2025-04-14 10:31:58Z INFO ConfigurationManager] Found a self-hosted runner group with id 1 and name Default
[2025-04-14 10:31:58Z INFO CommandSettings] Flag 'disableupdate': 'False'
[2025-04-14 10:31:58Z INFO CommandSettings] Flag 'ephemeral': 'False'
[2025-04-14 10:31:58Z INFO CommandSettings] Arg 'name': ''
[2025-04-14 10:31:58Z INFO CommandSettings] Flag 'unattended': 'False'
[2025-04-14 10:31:58Z INFO PromptManager] ReadValue
[2025-04-14 10:31:58Z INFO Terminal] WRITE: Enter the name of runner: 
[2025-04-14 10:31:58Z INFO Terminal] WRITE: [press Enter for Z] 
[2025-04-14 10:31:58Z INFO Terminal] READ LINE
[2025-04-14 10:31:59Z INFO Terminal] Read value: ''
[2025-04-14 10:31:59Z INFO PromptManager] Falling back to the default: 'Z'
[2025-04-14 10:31:59Z INFO Terminal] WRITE LINE: 
[2025-04-14 10:31:59Z INFO CommandSettings] Arg 'labels': ''
[2025-04-14 10:31:59Z INFO CommandSettings] Flag 'unattended': 'False'
[2025-04-14 10:31:59Z INFO PromptManager] ReadValue
[2025-04-14 10:31:59Z INFO Terminal] WRITE: This runner will have the following labels: 'self-hosted', 'Windows', 'X64' 
Enter any additional labels (ex. label-1,label-2): 
[2025-04-14 10:31:59Z INFO Terminal] WRITE: [press Enter to skip] 
[2025-04-14 10:31:59Z INFO Terminal] READ LINE
[2025-04-14 10:31:59Z INFO Terminal] Read value: ''
[2025-04-14 10:31:59Z INFO Terminal] WRITE LINE: 
[2025-04-14 10:31:59Z INFO CommandSettings] Flag 'disableupdate': 'False'
[2025-04-14 10:31:59Z INFO CommandSettings] Flag 'no-default-labels': 'False'
[2025-04-14 10:32:00Z INFO CommandSettings] Flag 'disableupdate': 'False'
[2025-04-14 10:32:00Z INFO CommandSettings] Flag 'ephemeral': 'False'
[2025-04-14 10:32:00Z INFO ConfigurationStore] Saving OAuth credential @ C:\Users\diego\OneDrive\Desktop\NAMESPACE\PHP\APP1\actions-runner\.credentials
[2025-04-14 10:32:00Z INFO ConfigurationStore] Credentials Saved.
[2025-04-14 10:32:00Z INFO ConfigurationStore] HasCredentials()
[2025-04-14 10:32:00Z INFO ConfigurationStore] stored True
[2025-04-14 10:32:00Z INFO CredentialManager] GetCredentialProvider
[2025-04-14 10:32:00Z INFO CredentialManager] Creating type OAuth
[2025-04-14 10:32:00Z INFO CredentialManager] Creating credential type: OAuth
[2025-04-14 10:32:00Z INFO RSAEncryptedFileKeyManager] Loading RSA key parameters from file C:\Users\diego\OneDrive\Desktop\NAMESPACE\PHP\APP1\actions-runner\.credentials_rsaparams
[2025-04-14 10:32:00Z INFO RunnerServer] EstablishVssConnection
[2025-04-14 10:32:00Z INFO RunnerServer] Establish connection with 100 seconds timeout.
[2025-04-14 10:32:00Z INFO GitHubActionsService] Starting operation Location.GetConnectionData
[2025-04-14 10:32:00Z INFO RunnerServer] EstablishVssConnection
[2025-04-14 10:32:00Z INFO RunnerServer] Establish connection with 60 seconds timeout.
[2025-04-14 10:32:00Z INFO GitHubActionsService] Starting operation Location.GetConnectionData
[2025-04-14 10:32:00Z INFO RunnerServer] EstablishVssConnection
[2025-04-14 10:32:00Z INFO RunnerServer] Establish connection with 60 seconds timeout.
[2025-04-14 10:32:00Z INFO GitHubActionsService] Starting operation Location.GetConnectionData
[2025-04-14 10:32:00Z INFO GitHubActionsService] Finished operation Location.GetConnectionData
[2025-04-14 10:32:00Z INFO GitHubActionsService] Finished operation Location.GetConnectionData
[2025-04-14 10:32:00Z INFO GitHubActionsService] Finished operation Location.GetConnectionData
[2025-04-14 10:32:00Z INFO RSAEncryptedFileKeyManager] Loading RSA key parameters from file C:\Users\diego\OneDrive\Desktop\NAMESPACE\PHP\APP1\actions-runner\.credentials_rsaparams
[2025-04-14 10:32:00Z INFO RSAEncryptedFileKeyManager] Loading RSA key parameters from file C:\Users\diego\OneDrive\Desktop\NAMESPACE\PHP\APP1\actions-runner\.credentials_rsaparams
[2025-04-14 10:32:01Z INFO GitHubActionsService] AAD Correlation ID for this token request: Unknown
[2025-04-14 10:32:01Z INFO CommandSettings] Arg 'work': ''
[2025-04-14 10:32:01Z INFO CommandSettings] Flag 'unattended': 'False'
[2025-04-14 10:32:01Z INFO PromptManager] ReadValue
[2025-04-14 10:32:01Z INFO Terminal] WRITE: Enter name of work folder: 
[2025-04-14 10:32:01Z INFO Terminal] WRITE: [press Enter for _work] 
[2025-04-14 10:32:01Z INFO Terminal] READ LINE
[2025-04-14 10:32:03Z INFO Terminal] Read value: ''
[2025-04-14 10:32:03Z INFO PromptManager] Falling back to the default: '_work'
[2025-04-14 10:32:03Z INFO ConfigurationStore] Saving runner settings.
[2025-04-14 10:32:03Z INFO ConfigurationStore] Settings Saved.
[2025-04-14 10:32:03Z INFO Terminal] WRITE LINE: 
[2025-04-14 10:32:03Z INFO Terminal] WRITE LINE: 
[2025-04-14 10:32:03Z INFO CommandSettings] Flag 'runasservice': 'False'
[2025-04-14 10:32:03Z INFO CommandSettings] Flag 'unattended': 'False'
[2025-04-14 10:32:03Z INFO PromptManager] ReadValue
[2025-04-14 10:32:03Z INFO Terminal] WRITE: Would you like to run the runner as service? (Y/N) 
[2025-04-14 10:32:03Z INFO Terminal] WRITE: [press Enter for N] 
[2025-04-14 10:32:03Z INFO Terminal] READ LINE
[2025-04-14 10:32:04Z INFO Terminal] Read value: 'Y'
[2025-04-14 10:32:04Z INFO ConfigurationManager] Configuring to run the agent as service
[2025-04-14 10:32:04Z INFO CommandSettings] Arg 'windowslogonaccount': ''
[2025-04-14 10:32:04Z INFO CommandSettings] Flag 'unattended': 'False'
[2025-04-14 10:32:04Z INFO PromptManager] ReadValue
[2025-04-14 10:32:04Z INFO Terminal] WRITE: User account to use for the service 
[2025-04-14 10:32:04Z INFO Terminal] WRITE: [press Enter for NT AUTHORITY\Servicio de red] 
[2025-04-14 10:32:04Z INFO Terminal] READ LINE
[2025-04-14 10:32:07Z INFO Terminal] Read value: ''
[2025-04-14 10:32:07Z INFO PromptManager] Falling back to the default: 'NT AUTHORITY\Servicio de red'
[2025-04-14 10:32:07Z INFO WindowsServiceControlManager] LogonAccount after transforming: NT AUTHORITY\Servicio de red, user: Servicio de red, domain: NT AUTHORITY
[2025-04-14 10:32:07Z INFO WindowsServiceControlManager] Service name 'actions.runner.zarkius-APP1.Z' display name 'GitHub Actions Runner (zarkius-APP1.Z)' will be used for service configuration.
[2025-04-14 10:32:07Z INFO WindowsServiceControlManager] Verifying if the account has LogonAsService permission
[2025-04-14 10:32:07Z INFO WindowsServiceControlManager] Account: NT AUTHORITY\Servicio de red already has Logon As Service Privilege.
[2025-04-14 10:32:07Z INFO WindowsServiceControlManager] Create local group and grant folder permission to service logon account.
[2025-04-14 10:32:07Z INFO HostContext] Well known directory 'Bin': 'C:\Users\diego\OneDrive\Desktop\NAMESPACE\PHP\APP1\actions-runner\bin'
[2025-04-14 10:32:07Z INFO HostContext] Well known directory 'Root': 'C:\Users\diego\OneDrive\Desktop\NAMESPACE\PHP\APP1\actions-runner'
[2025-04-14 10:32:07Z INFO ConfigurationStore] Read setting file: 288 chars
[2025-04-14 10:32:07Z INFO HostContext] Well known directory 'Bin': 'C:\Users\diego\OneDrive\Desktop\NAMESPACE\PHP\APP1\actions-runner\bin'
[2025-04-14 10:32:07Z INFO HostContext] Well known directory 'Root': 'C:\Users\diego\OneDrive\Desktop\NAMESPACE\PHP\APP1\actions-runner'
[2025-04-14 10:32:07Z INFO HostContext] Well known directory 'Work': 'C:\Users\diego\OneDrive\Desktop\NAMESPACE\PHP\APP1\actions-runner\_work'
[2025-04-14 10:32:07Z INFO HostContext] Well known directory 'Bin': 'C:\Users\diego\OneDrive\Desktop\NAMESPACE\PHP\APP1\actions-runner\bin'
[2025-04-14 10:32:07Z INFO NativeWindowsServiceHelper] Calculated unique group name GITHUB_ActionsRunner_G7f73f
[2025-04-14 10:32:07Z INFO NativeWindowsServiceHelper] Trying to create group GITHUB_ActionsRunner_G7f73f
[2025-04-14 10:32:07Z INFO NativeWindowsServiceHelper] Local Group 'GITHUB_ActionsRunner_G7f73f' created
[2025-04-14 10:32:07Z INFO NativeWindowsServiceHelper] Trying to add userName NT AUTHORITY\Servicio de red to the group GITHUB_ActionsRunner_G7f73f
[2025-04-14 10:32:07Z INFO NativeWindowsServiceHelper] Account 'NT AUTHORITY\Servicio de red' is added to local group 'GITHUB_ActionsRunner_G7f73f'.
[2025-04-14 10:32:07Z INFO NativeWindowsServiceHelper] Set full access control to group for the folder C:\Users\diego\OneDrive\Desktop\NAMESPACE\PHP\APP1\actions-runner
[2025-04-14 10:32:07Z INFO NativeWindowsServiceHelper] Set full access control to group for the folder C:\Users\diego\OneDrive\Desktop\NAMESPACE\PHP\APP1\actions-runner\_work
[2025-04-14 10:32:07Z INFO NativeWindowsServiceHelper] Local group 'GITHUB_ActionsRunner_G7f73f' already has full control to path 'C:\Users\diego\OneDrive\Desktop\NAMESPACE\PHP\APP1\actions-runner\_work'.
[2025-04-14 10:32:07Z INFO Terminal] WRITE LINE: Granting file permissions to 'NT AUTHORITY\Servicio de red'.
[2025-04-14 10:32:07Z INFO HostContext] Well known directory 'Bin': 'C:\Users\diego\OneDrive\Desktop\NAMESPACE\PHP\APP1\actions-runner\bin'
[2025-04-14 10:32:07Z INFO ProcessInvokerWrapper] Starting process:
[2025-04-14 10:32:07Z INFO ProcessInvokerWrapper]   File name: '"C:\Users\diego\OneDrive\Desktop\NAMESPACE\PHP\APP1\actions-runner\bin\RunnerService.exe"'
[2025-04-14 10:32:07Z INFO ProcessInvokerWrapper]   Arguments: 'init'
[2025-04-14 10:32:07Z INFO ProcessInvokerWrapper]   Working directory: ''
[2025-04-14 10:32:07Z INFO ProcessInvokerWrapper]   Require exit code zero: 'True'
[2025-04-14 10:32:07Z INFO ProcessInvokerWrapper]   Encoding web name:  ; code page: ''
[2025-04-14 10:32:07Z INFO ProcessInvokerWrapper]   Force kill process on cancellation: 'False'
[2025-04-14 10:32:07Z INFO ProcessInvokerWrapper]   Redirected STDIN: 'False'
[2025-04-14 10:32:07Z INFO ProcessInvokerWrapper]   Persist current code page: 'False'
[2025-04-14 10:32:07Z INFO ProcessInvokerWrapper]   Keep redirected STDIN open: 'False'
[2025-04-14 10:32:07Z INFO ProcessInvokerWrapper]   High priority process: 'False'
[2025-04-14 10:32:07Z INFO ProcessInvokerWrapper] Process started with process id 22576, waiting for process exit.
[2025-04-14 10:32:07Z INFO ProcessInvokerWrapper] STDOUT/STDERR stream read finished.
[2025-04-14 10:32:07Z INFO ProcessInvokerWrapper] STDOUT/STDERR stream read finished.
[2025-04-14 10:32:07Z INFO ProcessInvokerWrapper] Finished process 22576 with exit code 0, and elapsed time 00:00:00.0465738.
[2025-04-14 10:32:07Z INFO Terminal] WRITE LINE: Service actions.runner.zarkius-APP1.Z successfully installed
[2025-04-14 10:32:07Z INFO Terminal] WRITE LINE: Service actions.runner.zarkius-APP1.Z successfully set recovery option
[2025-04-14 10:32:07Z INFO Terminal] WRITE LINE: Service actions.runner.zarkius-APP1.Z successfully set to delayed auto start
[2025-04-14 10:32:07Z INFO Terminal] WRITE LINE: Service actions.runner.zarkius-APP1.Z successfully configured
[2025-04-14 10:32:07Z INFO HostContext] Well known directory 'Bin': 'C:\Users\diego\OneDrive\Desktop\NAMESPACE\PHP\APP1\actions-runner\bin'
[2025-04-14 10:32:07Z INFO HostContext] Well known directory 'Root': 'C:\Users\diego\OneDrive\Desktop\NAMESPACE\PHP\APP1\actions-runner'
[2025-04-14 10:32:07Z INFO HostContext] Well known config file 'Service': 'C:\Users\diego\OneDrive\Desktop\NAMESPACE\PHP\APP1\actions-runner\.service'
[2025-04-14 10:32:07Z INFO WindowsServiceControlManager] Configuration was successful, trying to start the service
[2025-04-14 10:32:07Z INFO Terminal] WRITE LINE: Waiting for service to start...
[2025-04-14 10:33:07Z ERR  NativeWindowsServiceHelper] System.InvalidOperationException: Cannot start the service actions.runner.zarkius-APP1.Z in a timely fashion.
   at GitHub.Runner.Listener.Configuration.NativeWindowsServiceHelper.StartService(String serviceName)
[2025-04-14 10:33:07Z ERR  Terminal] WRITE ERROR: Cannot start the service. Check the logs for more details.
[2025-04-14 10:33:07Z ERR  Runner] System.InvalidOperationException: Cannot start the service actions.runner.zarkius-APP1.Z in a timely fashion.
   at GitHub.Runner.Listener.Configuration.NativeWindowsServiceHelper.StartService(String serviceName)
   at GitHub.Runner.Listener.Configuration.WindowsServiceControlManager.ConfigureService(RunnerSettings settings, CommandSettings command)
   at GitHub.Runner.Listener.Configuration.ConfigurationManager.ConfigureAsync(CommandSettings command)
   at GitHub.Runner.Listener.Runner.ExecuteCommand(CommandSettings command)
[2025-04-14 10:33:07Z ERR  Terminal] WRITE ERROR: Cannot start the service actions.runner.zarkius-APP1.Z in a timely fashion.
[2025-04-14 10:33:07Z INFO Listener] Runner execution has finished with return code 1
